0 info it worked if it ends with ok
1 verbose cli [ 'node', '/usr/local/bin/npm', 'start' ]
2 info using npm@1.1.70
3 info using node@v0.8.16
4 verbose node symlink /usr/local/bin/node
5 verbose read json /Users/jmnunezizu/git/bocanada/package.json
6 warn package.json bocanada@0.0.1 No README.md file found!
7 verbose run-script [ 'prestart', 'start', 'poststart' ]
8 info prestart bocanada@0.0.1
9 info start bocanada@0.0.1
10 verbose unsafe-perm in lifecycle true
11 silly exec sh "-c" "node server.js"
12 silly sh,-c,node server.js,/Users/jmnunezizu/git/bocanada spawning
13 info bocanada@0.0.1 Failed to exec start script
14 error bocanada@0.0.1 start: `node server.js`
14 error `sh "-c" "node server.js"` failed with 1
15 error Failed at the bocanada@0.0.1 start script.
15 error This is most likely a problem with the bocanada package,
15 error not with npm itself.
15 error Tell the author that this fails on your system:
15 error     node server.js
15 error You can get their info via:
15 error     npm owner ls bocanada
15 error There is likely additional logging output above.
16 error System Darwin 11.4.2
17 error command "node" "/usr/local/bin/npm" "start"
18 error cwd /Users/jmnunezizu/git/bocanada
19 error node -v v0.8.16
20 error npm -v 1.1.70
21 error code ELIFECYCLE
22 verbose exit [ 1, true ]
